2025-04-14 22:17:11,212 - logger_config - INFO - the program is starting
2025-04-14 22:17:18,905 - logger_config - INFO - the program is finished
2025-04-14 22:18:48,742 - logger_config - INFO - the program is starting
2025-04-14 22:18:53,151 - logger_config - INFO - the program is finished
2025-04-14 22:20:30,133 - logger_config - INFO - the program is starting
2025-04-14 22:20:34,481 - logger_config - INFO - the program is finished
2025-04-14 22:22:13,454 - main_logger - INFO - the program is starting
2025-04-14 22:22:18,385 - main_logger - INFO - the program is finished
2025-04-14 22:23:04,359 - main_logger - INFO - the program is starting
2025-04-14 22:27:19,231 - root - INFO - the program is starting
2025-04-14 22:27:25,643 - commandHandler - INFO - Path search completed.
2025-04-14 22:27:25,929 - root - INFO - the program is finished
2025-04-14 22:32:48,072 - root - INFO - the program is starting
2025-04-14 22:32:48,074 - graph - INFO - Graph loaded successfully.
2025-04-14 22:32:48,076 - graph - INFO - Target to Node Map loaded successfully.
2025-04-14 22:32:58,395 - commandHandler - INFO - Path search completed.
2025-04-14 22:32:58,665 - root - INFO - the program is finished
2025-04-15 17:14:46,244 - root - INFO - the program is starting
2025-04-15 17:14:46,247 - graph - INFO - Graph loaded successfully.
2025-04-15 17:14:46,248 - graph - INFO - Target to Node Map loaded successfully.
2025-04-15 17:15:18,417 - root - INFO - the program is starting
2025-04-15 17:15:18,420 - graph - INFO - Graph loaded successfully.
2025-04-15 17:15:18,421 - graph - INFO - Target to Node Map loaded successfully.
2025-04-15 17:20:20,832 - root - INFO - the program is starting
2025-04-15 17:20:35,168 - root - INFO - the program is starting
2025-04-15 17:20:38,815 - graph - INFO - Graph initialized successfully.
2025-04-15 17:20:38,827 - graph - INFO - Graph saved successfully.
2025-04-15 17:20:38,829 - graph - INFO - Target to Node Map saved successfully.
2025-04-15 17:20:38,830 - graph - INFO - Marked Node Map saved successfully.
2025-04-15 17:20:38,835 - graph - INFO - Graph loaded successfully.
2025-04-15 17:20:38,836 - graph - INFO - Target to Node Map loaded successfully.
2025-04-15 17:22:11,135 - root - INFO - the program is starting
2025-04-15 17:22:14,048 - graph - INFO - Graph initialized successfully.
2025-04-15 17:22:14,051 - graph - INFO - Graph saved successfully.
2025-04-15 17:22:14,052 - graph - INFO - Target to Node Map saved successfully.
2025-04-15 17:22:14,052 - graph - INFO - Marked Node Map saved successfully.
2025-04-15 17:22:14,055 - graph - INFO - Graph loaded successfully.
2025-04-15 17:22:14,055 - graph - INFO - Target to Node Map loaded successfully.
2025-04-15 17:22:14,056 - graph - INFO - Marked Node Map loaded successfully.
2025-04-15 17:22:14,056 - commandHandler - INFO - Graph updated and saved.
2025-04-15 17:22:33,132 - commandHandler - INFO - Path search completed.
2025-04-15 17:22:33,375 - root - INFO - the program is finished
2025-04-15 17:42:54,743 - root - INFO - the program is starting
2025-04-15 17:43:16,423 - graph - INFO - Graph loaded successfully.
2025-04-15 17:43:16,424 - graph - INFO - Target to Node Map loaded successfully.
2025-04-15 17:43:16,424 - graph - INFO - Marked Node Map loaded successfully.
2025-04-15 17:43:35,135 - root - INFO - the program is starting
2025-04-15 17:43:37,787 - graph - INFO - Graph loaded successfully.
2025-04-15 17:43:37,788 - graph - INFO - Target to Node Map loaded successfully.
2025-04-15 17:43:37,788 - graph - INFO - Marked Node Map loaded successfully.
2025-04-15 17:45:51,194 - root - INFO - the program is starting
2025-04-15 17:45:57,952 - graph - INFO - Graph loaded successfully.
2025-04-15 17:45:57,953 - graph - INFO - Target to Node Map loaded successfully.
2025-04-15 17:45:57,953 - graph - INFO - Marked Node Map loaded successfully.
2025-04-15 17:46:28,848 - root - INFO - the program is starting
2025-04-15 17:46:35,334 - graph - INFO - Graph loaded successfully.
2025-04-15 17:46:35,335 - graph - INFO - Target to Node Map loaded successfully.
2025-04-15 17:46:35,336 - graph - INFO - Marked Node Map loaded successfully.
2025-04-15 17:47:12,576 - root - INFO - the program is starting
2025-04-15 17:47:15,142 - graph - INFO - Graph initialized successfully.
2025-04-15 17:47:15,146 - graph - INFO - Graph saved successfully.
2025-04-15 17:47:15,147 - graph - INFO - Target to Node Map saved successfully.
2025-04-15 17:47:15,148 - graph - INFO - Marked Node Map saved successfully.
2025-04-15 17:47:15,150 - graph - INFO - Graph loaded successfully.
2025-04-15 17:47:15,150 - graph - INFO - Target to Node Map loaded successfully.
2025-04-15 17:47:15,151 - graph - INFO - Marked Node Map loaded successfully.
2025-04-15 17:47:15,151 - commandHandler - INFO - Graph updated and saved.
2025-04-15 17:47:18,779 - commandHandler - INFO - Path search completed.
2025-04-15 17:47:18,779 - root - INFO - the program is finished
2025-04-15 17:48:18,728 - root - INFO - the program is starting
2025-04-15 17:48:30,846 - graph - INFO - Graph loaded successfully.
2025-04-15 17:48:30,846 - graph - INFO - Target to Node Map loaded successfully.
2025-04-15 17:48:30,847 - graph - INFO - Marked Node Map loaded successfully.
2025-04-15 17:48:30,859 - commandHandler - INFO - Path search completed.
2025-04-15 17:48:30,923 - root - INFO - the program is finished
2025-04-15 20:03:32,516 - root - INFO - the program is starting
2025-04-15 20:04:02,413 - graph - INFO - Graph loaded successfully.
2025-04-15 20:04:02,414 - graph - INFO - Target to Node Map loaded successfully.
2025-04-15 20:04:02,414 - graph - INFO - Marked Node Map loaded successfully.
2025-04-15 20:04:02,437 - commandHandler - INFO - Path search completed.
2025-04-15 20:04:02,522 - root - INFO - the program is finished
2025-04-15 20:06:44,684 - root - INFO - the program is starting
2025-04-15 20:06:52,935 - graph - INFO - Graph loaded successfully.
2025-04-15 20:06:52,936 - graph - INFO - Target to Node Map loaded successfully.
2025-04-15 20:06:52,937 - graph - INFO - Marked Node Map loaded successfully.
2025-04-15 20:06:52,948 - commandHandler - INFO - Path search completed.
2025-04-15 20:06:53,013 - root - INFO - the program is finished
2025-04-15 20:06:59,237 - root - INFO - the program is starting
2025-04-15 20:07:00,675 - graph - INFO - Graph loaded successfully.
2025-04-15 20:07:00,676 - graph - INFO - Target to Node Map loaded successfully.
2025-04-15 20:07:00,676 - graph - INFO - Marked Node Map loaded successfully.
2025-04-15 20:08:33,656 - root - INFO - the program is starting
2025-04-15 20:08:41,748 - graph - INFO - Graph loaded successfully.
2025-04-15 20:08:41,748 - graph - INFO - Target to Node Map loaded successfully.
2025-04-15 20:08:41,749 - graph - INFO - Marked Node Map loaded successfully.
2025-04-15 20:08:41,760 - commandHandler - INFO - Path search completed.
2025-04-15 20:08:41,822 - root - INFO - the program is finished
2025-04-15 20:09:20,700 - root - INFO - the program is starting
2025-04-15 20:09:28,722 - graph - INFO - Graph loaded successfully.
2025-04-15 20:09:28,723 - graph - INFO - Target to Node Map loaded successfully.
2025-04-15 20:09:28,724 - graph - INFO - Marked Node Map loaded successfully.
2025-04-15 20:09:38,796 - commandHandler - INFO - Path search completed.
2025-04-15 20:09:38,878 - root - INFO - the program is finished
2025-04-15 20:09:45,521 - root - INFO - the program is starting
2025-04-15 20:09:49,741 - graph - INFO - Graph loaded successfully.
2025-04-15 20:09:49,741 - graph - INFO - Target to Node Map loaded successfully.
2025-04-15 20:09:49,742 - graph - INFO - Marked Node Map loaded successfully.
2025-04-15 20:10:36,730 - root - INFO - the program is starting
2025-04-15 20:10:40,090 - graph - INFO - Graph loaded successfully.
2025-04-15 20:10:40,091 - graph - INFO - Target to Node Map loaded successfully.
2025-04-15 20:10:40,091 - graph - INFO - Marked Node Map loaded successfully.
2025-04-15 20:11:04,958 - root - INFO - the program is starting
2025-04-15 20:11:08,071 - graph - INFO - Graph loaded successfully.
2025-04-15 20:11:08,072 - graph - INFO - Target to Node Map loaded successfully.
2025-04-15 20:11:08,072 - graph - INFO - Marked Node Map loaded successfully.
2025-04-15 20:11:08,084 - commandHandler - INFO - Path search completed.
2025-04-15 20:11:08,149 - root - INFO - the program is finished
